d:\r&d\code\micro_core\micro_core\micro_core\x64\debug\vc141.pdb
d:\r&d\code\micro_core\micro_core\micro_core\x64\debug\vc141.idb
d:\r&d\code\micro_core\micro_core\micro_core\x64\debug\timer_func.obj
d:\r&d\code\micro_core\micro_core\micro_core\x64\debug\module_func.obj
d:\r&d\code\micro_core\micro_core\micro_core\x64\debug\channel_id_allocator.obj
d:\r&d\code\micro_core\micro_core\micro_core\x64\debug\test_bus.obj
d:\r&d\code\micro_core\micro_core\micro_core\x64\debug\test_io.obj
d:\r&d\code\micro_core\micro_core\micro_core\x64\debug\main.obj
d:\r&d\code\micro_core\micro_core\x64\debug\micro_core.exe
d:\r&d\code\micro_core\micro_core\x64\debug\micro_core.ilk
d:\r&d\code\micro_core\micro_core\x64\debug\micro_core.pdb
d:\r&d\code\micro_core\micro_core\x64\debug\micro_core.lib
d:\r&d\code\micro_core\micro_core\x64\debug\micro_core.exp
d:\r&d\code\micro_core\micro_core\micro_core\x64\debug\micro_core.tlog\cl.command.1.tlog
d:\r&d\code\micro_core\micro_core\micro_core\x64\debug\micro_core.tlog\cl.read.1.tlog
d:\r&d\code\micro_core\micro_core\micro_core\x64\debug\micro_core.tlog\cl.write.1.tlog
d:\r&d\code\micro_core\micro_core\micro_core\x64\debug\micro_core.tlog\link.command.1.tlog
d:\r&d\code\micro_core\micro_core\micro_core\x64\debug\micro_core.tlog\link.read.1.tlog
d:\r&d\code\micro_core\micro_core\micro_core\x64\debug\micro_core.tlog\link.write.1.tlog
d:\r&d\code\micro_core\micro_core\micro_core\x64\debug\micro_core.tlog\micro_core.write.1u.tlog
